<?xml version="1.0" encoding="UTF-8"?>
<beans xmlns="http://www.springframework.org/schema/beans"
       xmlns:xsi="http://www.w3.org/2001/XMLSchema-instance" xmlns:jdbc="http://www.springframework.org/schema/jdbc"
       xsi:schemaLocation="
        http://www.springframework.org/schema/beans http://www.springframework.org/schema/beans/spring-beans.xsd
        http://www.springframework.org/schema/jdbc http://www.springframework.org/schema/jdbc/spring-jdbc.xsd">


    <import resource="classpath:houseware/learn/spring/batch/base/context-base.xml"/>
    <import resource="classpath:houseware/learn/spring/batch/case03/jobs.xml"/>
    <import resource="classpath:houseware/learn/spring/batch/case09/split-jobs.xml"/>
    <import resource="classpath:houseware/learn/spring/batch/case09/partitioner-jobs.xml"/>

    <bean class="org.springframework.jdbc.core.JdbcTemplate">
        <constructor-arg ref="dataSource"/>
    </bean>
    <jdbc:initialize-database>
        <jdbc:script execution="INIT"
                     location="classpath:houseware/learn/spring/batch/case03/create-tables.sql"/>
        <jdbc:script execution="INIT"
                     location="classpath:houseware/learn/spring/batch/case09/test/insert-data.sql"/>
    </jdbc:initialize-database>
</beans>