<?xml version="1.0" encoding="UTF-8"?>
<beans xmlns="http://www.springframework.org/schema/beans"
       xmlns:xsi="http://www.w3.org/2001/XMLSchema-instance"
       xsi:schemaLocation="
        http://www.springframework.org/schema/beans http://www.springframework.org/schema/beans/spring-beans.xsd">


    <import resource="classpath:houseware/learn/spring/batch/base/context-base.xml"/>
    <import resource="classpath:houseware/learn/spring/batch/case10/jms-jobs.xml"/>

    <bean id="jobAsyncLauncher"
          class="org.springframework.batch.core.launch.support.SimpleJobLauncher">
        <property name="jobRepository" ref="jobRepository" />
        <property name="taskExecutor">
            <bean class="org.springframework.core.task.SimpleAsyncTaskExecutor" />
        </property>
    </bean>
</beans>